<?xml version="1.0" encoding="UTF-8"?>
<!-- Generated by org.testng.reporters.JUnitXMLReporter -->
<testsuite hostname="Asus-India" name="Chrome" tests="2" failures="0" timestamp="31 Aug 2018 12:33:30 GMT" time="23.518" errors="0">
  <testcase name="testOne" time="7.981" classname="com.facebook.TestCases.LoginUI_Test_Prameters">
    <skipped/>
  </testcase> <!-- testOne -->
  <testcase name="testOne" time="15.209" classname="com.facebook.TestCases.LoginUI_Test_Prameters"/>
</testsuite> <!-- Chrome -->
