<?xml version="1.0" encoding="UTF-8"?>
<!-- Generated by org.testng.reporters.JUnitXMLReporter -->
<testsuite hostname="Asus-India" name="Firefox" tests="7" failures="0" timestamp="31 Aug 2018 12:33:07 GMT" time="19.264" errors="0">
  <testcase name="testOne" time="3.722" classname="com.facebook.TestCases.LoginUI_Test"/>
  <testcase name="testOneTwo" time="0.492" classname="com.facebook.TestCases.LoginUI_Test"/>
  <testcase name="testTwo" time="0.614" classname="com.facebook.TestCases.LoginUI_Test"/>
  <testcase name="testThree" time="0.566" classname="com.facebook.TestCases.LoginUI_Test"/>
  <testcase name="testFour" time="0.428" classname="com.facebook.TestCases.LoginUI_Test"/>
  <testcase name="testFive" time="0.528" classname="com.facebook.TestCases.LoginUI_Test"/>
  <testcase name="testSix" time="0.475" classname="com.facebook.TestCases.LoginUI_Test"/>
</testsuite> <!-- Firefox -->
