<?xml version="1.0" encoding="UTF-8"?>
<!-- Generated by org.testng.reporters.JUnitXMLReporter -->
<testsuite hostname="Asus-India" name="Test Browser 1" tests="7" failures="0" timestamp="5 Sep 2018 05:59:12 GMT" time="33.061" errors="0">
  <testcase name="testOne" time="3.701" classname="com.facebook.TestCases.LoginUI_Test"/>
  <testcase name="testOneTwo" time="0.5" classname="com.facebook.TestCases.LoginUI_Test"/>
  <testcase name="testTwo" time="0.395" classname="com.facebook.TestCases.LoginUI_Test"/>
  <testcase name="testThree" time="0.421" classname="com.facebook.TestCases.LoginUI_Test"/>
  <testcase name="testFour" time="0.498" classname="com.facebook.TestCases.LoginUI_Test"/>
  <testcase name="testFive" time="0.355" classname="com.facebook.TestCases.LoginUI_Test"/>
  <testcase name="testSix" time="0.411" classname="com.facebook.TestCases.LoginUI_Test"/>
</testsuite> <!-- Test Browser 1 -->
