<?xml version="1.0" encoding="UTF-8"?>
<!-- Generated by org.testng.reporters.JUnitXMLReporter -->
<testsuite hostname="Asus-India" name="Test" tests="7" failures="0" timestamp="30 Aug 2018 11:42:33 GMT" time="19.333" errors="0">
  <testcase name="testOne" time="3.762" classname="com.facebook.TestCases.LoginUI_Test"/>
  <testcase name="testOneTwo" time="0.466" classname="com.facebook.TestCases.LoginUI_Test"/>
  <testcase name="testTwo" time="0.62" classname="com.facebook.TestCases.LoginUI_Test"/>
  <testcase name="testThree" time="0.515" classname="com.facebook.TestCases.LoginUI_Test"/>
  <testcase name="testFour" time="0.516" classname="com.facebook.TestCases.LoginUI_Test"/>
  <testcase name="testFive" time="0.45" classname="com.facebook.TestCases.LoginUI_Test"/>
  <testcase name="testSix" time="0.637" classname="com.facebook.TestCases.LoginUI_Test"/>
</testsuite> <!-- Test -->
