<?xml version="1.0" encoding="UTF-8"?>
<!-- Generated by org.testng.reporters.JUnitXMLReporter -->
<testsuite hostname="Asus-India" name="UI Test" tests="7" failures="0" timestamp="29 Aug 2018 15:18:22 GMT" time="0.146" errors="0">
  <testcase name="@BeforeSuite setUp" time="0.0" classname="com.facebook.TestCases.LoginUI_Test">
    <failure type="java.lang.NoClassDefFoundError" message="org/apache/log4j/Logger">
      <![CDATA[java.lang.NoClassDefFoundError: org/apache/log4j/Logger
	at com.facebook.TestBase.TestBase.setupLog4j(TestBase.java:73)
	at com.facebook.TestBase.TestBase.setUp(TestBase.java:97)
Caused by: java.lang.ClassNotFoundException: org.apache.log4j.Logger
	at java.net.URLClassLoader.findClass(Unknown Source)
	at java.lang.ClassLoader.loadClass(Unknown Source)
	at sun.misc.Launcher$AppClassLoader.loadClass(Unknown Source)
	at java.lang.ClassLoader.loadClass(Unknown Source)
	... 20 more
... Removed 18 stack frames]]>
    </failure>
  </testcase> <!-- @BeforeSuite setUp -->
  <testcase name="@BeforeTest BeforeTest" time="0.0" classname="com.facebook.TestCases.LoginUI_Test">
    <skipped/>
  </testcase> <!-- @BeforeTest BeforeTest -->
  <testcase name="@BeforeMethod register" time="0.0" classname="com.facebook.TestCases.LoginUI_Test">
    <skipped/>
  </testcase> <!-- @BeforeMethod register -->
  <testcase name="@AfterMethod captureStatus" time="0.0" classname="com.facebook.TestCases.LoginUI_Test">
    <skipped/>
  </testcase> <!-- @AfterMethod captureStatus -->
  <testcase name="@BeforeMethod register" time="0.0" classname="com.facebook.TestCases.LoginUI_Test">
    <skipped/>
  </testcase> <!-- @BeforeMethod register -->
  <testcase name="@AfterMethod captureStatus" time="0.0" classname="com.facebook.TestCases.LoginUI_Test">
    <skipped/>
  </testcase> <!-- @AfterMethod captureStatus -->
  <testcase name="@BeforeMethod register" time="0.0" classname="com.facebook.TestCases.LoginUI_Test">
    <skipped/>
  </testcase> <!-- @BeforeMethod register -->
  <testcase name="@AfterMethod captureStatus" time="0.0" classname="com.facebook.TestCases.LoginUI_Test">
    <skipped/>
  </testcase> <!-- @AfterMethod captureStatus -->
  <testcase name="@BeforeMethod register" time="0.0" classname="com.facebook.TestCases.LoginUI_Test">
    <skipped/>
  </testcase> <!-- @BeforeMethod register -->
  <testcase name="@AfterMethod captureStatus" time="0.0" classname="com.facebook.TestCases.LoginUI_Test">
    <skipped/>
  </testcase> <!-- @AfterMethod captureStatus -->
  <testcase name="@BeforeMethod register" time="0.0" classname="com.facebook.TestCases.LoginUI_Test">
    <skipped/>
  </testcase> <!-- @BeforeMethod register -->
  <testcase name="@AfterMethod captureStatus" time="0.0" classname="com.facebook.TestCases.LoginUI_Test">
    <skipped/>
  </testcase> <!-- @AfterMethod captureStatus -->
  <testcase name="@BeforeMethod register" time="0.0" classname="com.facebook.TestCases.LoginUI_Test">
    <skipped/>
  </testcase> <!-- @BeforeMethod register -->
  <testcase name="@AfterMethod captureStatus" time="0.0" classname="com.facebook.TestCases.LoginUI_Test">
    <skipped/>
  </testcase> <!-- @AfterMethod captureStatus -->
  <testcase name="@BeforeMethod register" time="0.004" classname="com.facebook.TestCases.LoginUI_Test">
    <skipped/>
  </testcase> <!-- @BeforeMethod register -->
  <testcase name="@AfterMethod captureStatus" time="0.0" classname="com.facebook.TestCases.LoginUI_Test">
    <skipped/>
  </testcase> <!-- @AfterMethod captureStatus -->
  <testcase name="@AfterTest cleanUp" time="0.0" classname="com.facebook.TestCases.LoginUI_Test">
    <skipped/>
  </testcase> <!-- @AfterTest cleanUp -->
  <testcase name="testOne" time="0.005" classname="com.facebook.TestCases.LoginUI_Test">
    <skipped/>
  </testcase> <!-- testOne -->
  <testcase name="testOneTwo" time="0.003" classname="com.facebook.TestCases.LoginUI_Test">
    <skipped/>
  </testcase> <!-- testOneTwo -->
  <testcase name="testTwo" time="0.003" classname="com.facebook.TestCases.LoginUI_Test">
    <skipped/>
  </testcase> <!-- testTwo -->
  <testcase name="testThree" time="0.002" classname="com.facebook.TestCases.LoginUI_Test">
    <skipped/>
  </testcase> <!-- testThree -->
  <testcase name="testFive" time="0.002" classname="com.facebook.TestCases.LoginUI_Test">
    <skipped/>
  </testcase> <!-- testFive -->
  <testcase name="testFour" time="0.001" classname="com.facebook.TestCases.LoginUI_Test">
    <skipped/>
  </testcase> <!-- testFour -->
  <testcase name="testSix" time="0.004" classname="com.facebook.TestCases.LoginUI_Test">
    <skipped/>
  </testcase> <!-- testSix -->
</testsuite> <!-- UI Test -->
