<?xml version="1.0" encoding="UTF-8"?>
<!-- Generated by org.testng.reporters.JUnitXMLReporter -->
<testsuite hostname="Asus-India" name="Test" tests="7" failures="0" timestamp="1 Sep 2018 17:35:01 GMT" time="19.132" errors="0">
  <testcase name="testOne" time="3.774" classname="com.facebook.TestCases.LoginUI_Test"/>
  <testcase name="testOneTwo" time="0.58" classname="com.facebook.TestCases.LoginUI_Test"/>
  <testcase name="testTwo" time="0.376" classname="com.facebook.TestCases.LoginUI_Test"/>
  <testcase name="testThree" time="0.44" classname="com.facebook.TestCases.LoginUI_Test"/>
  <testcase name="testFour" time="0.51" classname="com.facebook.TestCases.LoginUI_Test"/>
  <testcase name="testFive" time="0.503" classname="com.facebook.TestCases.LoginUI_Test"/>
  <testcase name="testSix" time="0.463" classname="com.facebook.TestCases.LoginUI_Test"/>
</testsuite> <!-- Test -->
