<?xml version="1.0" encoding="UTF-8"?>
<testng-results skipped="0" failed="0" total="2" passed="2">
  <reporter-output>
  </reporter-output>
  <suite name="Default suite" duration-ms="104568" started-at="2018-10-12T08:33:57Z" finished-at="2018-10-12T08:35:41Z">
    <groups>
    </groups>
    <test name="Default test" duration-ms="104568" started-at="2018-10-12T08:33:57Z" finished-at="2018-10-12T08:35:41Z">
      <class name="com.lenox.TestCases.ProposalTool">
        <test-method status="PASS" signature="setUp()[pri:0, instance:com.lenox.TestCases.ProposalTool@42e26948]" name="setUp" is-config="true" duration-ms="484" started-at="2018-10-12T14:03:56Z" finished-at="2018-10-12T14:03:57Z">
          <reporter-output>
          </reporter-output>
        </test-method> <!-- setUp -->
        <test-method status="PASS" signature="BeforeTest()[pri:0, instance:com.lenox.TestCases.ProposalTool@42e26948]" name="BeforeTest" is-config="true" duration-ms="7508" started-at="2018-10-12T14:03:57Z" finished-at="2018-10-12T14:04:04Z">
          <reporter-output>
          </reporter-output>
        </test-method> <!-- BeforeTest -->
        <test-method status="PASS" signature="register(java.lang.reflect.Method)[pri:0, instance:com.lenox.TestCases.ProposalTool@42e26948]" name="register" is-config="true" duration-ms="8747" started-at="2018-10-12T14:04:04Z" finished-at="2018-10-12T14:04:13Z">
          <params>
            <param index="0">
              <value>
                <![CDATA[public void com.lenox.TestCases.ProposalTool.testOne_ProposalWithImage() throws java.lang.Exception]]>
              </value>
            </param>
          </params>
          <reporter-output>
          </reporter-output>
        </test-method> <!-- register -->
        <test-method status="PASS" signature="testOne_ProposalWithImage()[pri:1, instance:com.lenox.TestCases.ProposalTool@42e26948]" name="testOne_ProposalWithImage" duration-ms="40680" started-at="2018-10-12T14:04:13Z" finished-at="2018-10-12T14:04:53Z">
          <reporter-output>
          </reporter-output>
        </test-method> <!-- testOne_ProposalWithImage -->
        <test-method status="PASS" signature="captureStatus(org.testng.ITestResult)[pri:0, instance:com.lenox.TestCases.ProposalTool@42e26948]" name="captureStatus" is-config="true" duration-ms="3647" started-at="2018-10-12T14:04:53Z" finished-at="2018-10-12T14:04:57Z">
          <params>
            <param index="0">
              <value>
                <![CDATA[[TestResult name=testOne_ProposalWithImage status=SUCCESS method=ProposalTool.testOne_ProposalWithImage()[pri:1, instance:com.lenox.TestCases.ProposalTool@42e26948] output={null}]]]>
              </value>
            </param>
          </params>
          <reporter-output>
          </reporter-output>
        </test-method> <!-- captureStatus -->
        <test-method status="PASS" signature="register(java.lang.reflect.Method)[pri:0, instance:com.lenox.TestCases.ProposalTool@42e26948]" name="register" is-config="true" duration-ms="1976" started-at="2018-10-12T14:04:57Z" finished-at="2018-10-12T14:04:59Z">
          <params>
            <param index="0">
              <value>
                <![CDATA[public void com.lenox.TestCases.ProposalTool.testTwo_ProposalWithDoc() throws java.lang.Exception]]>
              </value>
            </param>
          </params>
          <reporter-output>
          </reporter-output>
        </test-method> <!-- register -->
        <test-method status="PASS" signature="testTwo_ProposalWithDoc()[pri:5, instance:com.lenox.TestCases.ProposalTool@42e26948]" name="testTwo_ProposalWithDoc" duration-ms="37004" started-at="2018-10-12T14:04:59Z" finished-at="2018-10-12T14:05:36Z">
          <reporter-output>
          </reporter-output>
        </test-method> <!-- testTwo_ProposalWithDoc -->
        <test-method status="PASS" signature="captureStatus(org.testng.ITestResult)[pri:0, instance:com.lenox.TestCases.ProposalTool@42e26948]" name="captureStatus" is-config="true" duration-ms="4291" started-at="2018-10-12T14:05:36Z" finished-at="2018-10-12T14:05:40Z">
          <params>
            <param index="0">
              <value>
                <![CDATA[[TestResult name=testTwo_ProposalWithDoc status=SUCCESS method=ProposalTool.testTwo_ProposalWithDoc()[pri:5, instance:com.lenox.TestCases.ProposalTool@42e26948] output={null}]]]>
              </value>
            </param>
          </params>
          <reporter-output>
          </reporter-output>
        </test-method> <!-- captureStatus -->
        <test-method status="PASS" signature="cleanUp()[pri:0, instance:com.lenox.TestCases.ProposalTool@42e26948]" name="cleanUp" is-config="true" duration-ms="675" started-at="2018-10-12T14:05:40Z" finished-at="2018-10-12T14:05:41Z">
          <reporter-output>
          </reporter-output>
        </test-method> <!-- cleanUp -->
        <test-method status="PASS" signature="afterSuite()[pri:0, instance:com.lenox.TestCases.ProposalTool@42e26948]" name="afterSuite" is-config="true" duration-ms="0" started-at="2018-10-12T14:05:41Z" finished-at="2018-10-12T14:05:41Z">
          <reporter-output>
          </reporter-output>
        </test-method> <!-- afterSuite -->
        <test-method status="PASS" signature="tearDown()[pri:0, instance:com.lenox.TestCases.ProposalTool@42e26948]" name="tearDown" is-config="true" duration-ms="5293" started-at="2018-10-12T14:05:41Z" depends-on-methods="com.lenox.TestCases.ProposalTool.afterSuite" finished-at="2018-10-12T14:05:46Z">
          <reporter-output>
          </reporter-output>
        </test-method> <!-- tearDown -->
      </class> <!-- com.lenox.TestCases.ProposalTool -->
    </test> <!-- Default test -->
  </suite> <!-- Default suite -->
</testng-results>
