<?xml version="1.0" encoding="UTF-8"?>
<testng-results skipped="0" failed="0" total="2" passed="2">
  <reporter-output>
  </reporter-output>
  <suite name="Default suite" duration-ms="94824" started-at="2018-10-08T06:38:23Z" finished-at="2018-10-08T06:39:58Z">
    <groups>
    </groups>
    <test name="Default test" duration-ms="94824" started-at="2018-10-08T06:38:23Z" finished-at="2018-10-08T06:39:58Z">
      <class name="com.lenox.TestCases.ProposalTool">
        <test-method status="PASS" signature="setUp()[pri:0, instance:com.lenox.TestCases.ProposalTool@42e26948]" name="setUp" is-config="true" duration-ms="393" started-at="2018-10-08T12:08:22Z" finished-at="2018-10-08T12:08:23Z">
          <reporter-output>
          </reporter-output>
        </test-method> <!-- setUp -->
        <test-method status="PASS" signature="BeforeTest()[pri:0, instance:com.lenox.TestCases.ProposalTool@42e26948]" name="BeforeTest" is-config="true" duration-ms="5994" started-at="2018-10-08T12:08:23Z" finished-at="2018-10-08T12:08:29Z">
          <reporter-output>
          </reporter-output>
        </test-method> <!-- BeforeTest -->
        <test-method status="PASS" signature="register(java.lang.reflect.Method)[pri:0, instance:com.lenox.TestCases.ProposalTool@42e26948]" name="register" is-config="true" duration-ms="8160" started-at="2018-10-08T12:08:29Z" finished-at="2018-10-08T12:08:37Z">
          <params>
            <param index="0">
              <value>
                <![CDATA[public void com.lenox.TestCases.ProposalTool.testOne_ProposalWithImage() throws java.lang.Exception]]>
              </value>
            </param>
          </params>
          <reporter-output>
          </reporter-output>
        </test-method> <!-- register -->
        <test-method status="PASS" signature="testOne_ProposalWithImage()[pri:1, instance:com.lenox.TestCases.ProposalTool@42e26948]" name="testOne_ProposalWithImage" duration-ms="37580" started-at="2018-10-08T12:08:37Z" finished-at="2018-10-08T12:09:15Z">
          <reporter-output>
          </reporter-output>
        </test-method> <!-- testOne_ProposalWithImage -->
        <test-method status="PASS" signature="captureStatus(org.testng.ITestResult)[pri:0, instance:com.lenox.TestCases.ProposalTool@42e26948]" name="captureStatus" is-config="true" duration-ms="3613" started-at="2018-10-08T12:09:15Z" finished-at="2018-10-08T12:09:18Z">
          <params>
            <param index="0">
              <value>
                <![CDATA[[TestResult name=testOne_ProposalWithImage status=SUCCESS method=ProposalTool.testOne_ProposalWithImage()[pri:1, instance:com.lenox.TestCases.ProposalTool@42e26948] output={null}]]]>
              </value>
            </param>
          </params>
          <reporter-output>
          </reporter-output>
        </test-method> <!-- captureStatus -->
        <test-method status="PASS" signature="register(java.lang.reflect.Method)[pri:0, instance:com.lenox.TestCases.ProposalTool@42e26948]" name="register" is-config="true" duration-ms="2078" started-at="2018-10-08T12:09:18Z" finished-at="2018-10-08T12:09:20Z">
          <params>
            <param index="0">
              <value>
                <![CDATA[public void com.lenox.TestCases.ProposalTool.testTwo_ProposalWithDoc() throws java.lang.Exception]]>
              </value>
            </param>
          </params>
          <reporter-output>
          </reporter-output>
        </test-method> <!-- register -->
        <test-method status="PASS" signature="testTwo_ProposalWithDoc()[pri:5, instance:com.lenox.TestCases.ProposalTool@42e26948]" name="testTwo_ProposalWithDoc" duration-ms="32973" started-at="2018-10-08T12:09:20Z" finished-at="2018-10-08T12:09:53Z">
          <reporter-output>
          </reporter-output>
        </test-method> <!-- testTwo_ProposalWithDoc -->
        <test-method status="PASS" signature="captureStatus(org.testng.ITestResult)[pri:0, instance:com.lenox.TestCases.ProposalTool@42e26948]" name="captureStatus" is-config="true" duration-ms="3865" started-at="2018-10-08T12:09:53Z" finished-at="2018-10-08T12:09:57Z">
          <params>
            <param index="0">
              <value>
                <![CDATA[[TestResult name=testTwo_ProposalWithDoc status=SUCCESS method=ProposalTool.testTwo_ProposalWithDoc()[pri:5, instance:com.lenox.TestCases.ProposalTool@42e26948] output={null}]]]>
              </value>
            </param>
          </params>
          <reporter-output>
          </reporter-output>
        </test-method> <!-- captureStatus -->
        <test-method status="PASS" signature="cleanUp()[pri:0, instance:com.lenox.TestCases.ProposalTool@42e26948]" name="cleanUp" is-config="true" duration-ms="528" started-at="2018-10-08T12:09:57Z" finished-at="2018-10-08T12:09:58Z">
          <reporter-output>
          </reporter-output>
        </test-method> <!-- cleanUp -->
        <test-method status="PASS" signature="afterSuite()[pri:0, instance:com.lenox.TestCases.ProposalTool@42e26948]" name="afterSuite" is-config="true" duration-ms="0" started-at="2018-10-08T12:09:58Z" finished-at="2018-10-08T12:09:58Z">
          <reporter-output>
          </reporter-output>
        </test-method> <!-- afterSuite -->
        <test-method status="PASS" signature="tearDown()[pri:0, instance:com.lenox.TestCases.ProposalTool@42e26948]" name="tearDown" is-config="true" duration-ms="5237" started-at="2018-10-08T12:09:58Z" depends-on-methods="com.lenox.TestCases.ProposalTool.afterSuite" finished-at="2018-10-08T12:10:03Z">
          <reporter-output>
          </reporter-output>
        </test-method> <!-- tearDown -->
      </class> <!-- com.lenox.TestCases.ProposalTool -->
    </test> <!-- Default test -->
  </suite> <!-- Default suite -->
</testng-results>
